0.000
12.000
24.000
36.000
48.000
60.000
72.000
84.000
96.000
108.000
120.000
132.000
144.000
156.000
168.000
180.000
192.000
204.000
216.000
228.000
240.000
252.000
264.000
276.000
288.000
300.000
312.000
324.000
336.000
348.000
360.000
372.000
384.000
396.000
408.000
420.000
432.000
444.000
456.000
468.000
480.000
492.000
504.000
516.000
528.000
540.000
552.000
564.000
576.000
588.000
600.000
612.000
624.000
636.000
648.000
660.000
672.000
684.000
696.000
708.000
720.000
732.000
744.000
756.000
768.000
780.000
792.000
804.000
816.000
828.000
840.000
852.000
864.000
876.000
888.000
900.000
912.000
924.000
936.000
948.000
960.000
972.000
984.000
996.000
1008.000
1020.000
1032.000
1044.000
1056.000
1068.000
1080.000
1092.000
1104.000
1116.000
1128.000
1140.000
1152.000
1164.000
1176.000
1188.000
1200.000
1212.000
1224.000
1236.000
1248.000
1260.000
1272.000
1284.000
1296.000
1308.000
1320.000
1332.000
1344.000
1356.000
1368.000
1380.000
1392.000
1404.000
1416.000
1428.000
1440.000
1452.000
1464.000
1476.000
1488.000
1500.000
1512.000
1524.000
1536.000
1548.000
1560.000
1572.000
1584.000
1596.000
1608.000
1620.000
1632.000
1644.000
1656.000
1668.000
1680.000
1692.000
1704.000
1716.000
1728.000
1740.000
1752.000
1764.000
1776.000
1788.000
1800.000
1812.000
1824.000
1836.000
1848.000
1860.000
1872.000
1884.000
1896.000
1908.000
1920.000
1932.000
1944.000
1956.000
1968.000
1980.000
1992.000
2004.000
2016.000
2028.000
2040.000
2052.000
2064.000
2076.000
2088.000
2100.000
2112.000
2124.000
2136.000
2148.000
2160.000
2172.000
2184.000
2196.000
2208.000
2220.000
2232.000
2244.000
2256.000
2268.000
2280.000
2292.000
2304.000
2316.000
2328.000
2340.000
2352.000
2364.000
2376.000
2388.000
2400.000
2412.000
2424.000
2436.000
2448.000
2460.000
2472.000
2484.000
2496.000
2508.000
2520.000
2532.000
2544.000
2556.000
2568.000
2580.000
2592.000
2604.000
2616.000
2628.000
2640.000
2652.000
2664.000
2676.000
2688.000
2700.000
2712.000
2724.000
2736.000
2748.000
2760.000
2772.000
2784.000
2796.000
2808.000
2820.000
2832.000
2844.000
2856.000
2868.000
2880.000
2892.000
2904.000
2916.000
2928.000
2940.000
2952.000
2964.000
2976.000
2988.000
3000.000
3012.000
3024.000
3036.000
3048.000
3060.000
3072.000
3084.000
3096.000
3108.000
3120.000
3132.000
3144.000
3156.000
3168.000
3180.000
3192.000
3204.000
3216.000
3228.000
3240.000
3252.000
3264.000
3276.000
3288.000
3300.000
3312.000
3324.000
3336.000
3348.000
3360.000
3372.000
3384.000
3396.000
3408.000
3420.000
3432.000
3444.000
3456.000
3468.000
3480.000
3492.000
3504.000
3516.000
3528.000
3540.000
3552.000
3564.000
3576.000
3588.000
3600.000
3612.000
3624.000
3636.000
3648.000
3660.000
3672.000
3684.000
3696.000
3708.000
3720.000
3732.000
3744.000
3756.000
3768.000
3780.000
3792.000
3804.000
3816.000
3828.000
3840.000
3852.000
3864.000
3876.000
3888.000
3900.000
3912.000
3924.000
3936.000
3948.000
3960.000
3972.000
3984.000
3996.000
4008.000
4020.000
4032.000
4044.000
4056.000
4068.000
4080.000
4092.000
4104.000
4116.000
4128.000
4140.000
4152.000
4164.000
4176.000
4188.000
4200.000
4212.000
4224.000
4236.000
4248.000
4260.000
4272.000
4284.000
4296.000
4308.000
4320.000
4332.000
4344.000
4356.000
4368.000
4380.000
4392.000
4404.000
4416.000
4428.000
4440.000
4452.000
4464.000
4476.000
4488.000
4500.000
4512.000
4524.000
4536.000
4548.000
4560.000
4572.000
4584.000
4596.000
4608.000
4620.000
4632.000
4644.000
4656.000
4668.000
4680.000
4692.000
4704.000
4716.000
4728.000
4740.000
4752.000
4764.000
4776.000
4788.000
4800.000
4812.000
4824.000
4836.000
4848.000
4860.000
4872.000
4884.000
4896.000
4908.000
4920.000
4932.000
4944.000
4956.000
4968.000
4980.000
4992.000
5004.000
5016.000
5028.000
5040.000
5052.000
5064.000
5076.000
5088.000
5100.000
5112.000
5124.000
5136.000
5148.000
5160.000
5172.000
5184.000
5196.000
5208.000
5220.000
5232.000
5244.000
5256.000
5268.000
5280.000
5292.000
5304.000
5316.000
5328.000
5340.000
5352.000
5364.000
5376.000
5388.000
5400.000
5412.000
5424.000
5436.000
5448.000
5460.000
5472.000
5484.000
5496.000
5508.000
5520.000
5532.000
5544.000
5556.000
5568.000
5580.000
5592.000
5604.000
5616.000
5628.000
5640.000
5652.000
5664.000
5676.000
5688.000
5700.000
5712.000
5724.000
5736.000
5748.000
5760.000
5772.000
5784.000
5796.000
5808.000
5820.000
5832.000
5844.000
5856.000
5868.000
5880.000
5892.000
5904.000
5916.000
5928.000
5940.000
5952.000
5964.000
5976.000
5988.000
6000.000
6012.000
6024.000
6036.000
6048.000
6060.000
6072.000
6084.000
6096.000
6108.000
6120.000
6132.000
6144.000
6156.000
6168.000
6180.000
6192.000
6204.000
6216.000
6228.000
6240.000
6252.000
6264.000
6276.000
6288.000
6300.000
6312.000
6324.000
6336.000
6348.000
6360.000
6372.000
6384.000
6396.000
6408.000
6420.000
6432.000
6444.000
6456.000
6468.000
6480.000
6492.000
6504.000
6516.000
6528.000
6540.000
6552.000
6564.000
6576.000
6588.000
6600.000
6612.000
6624.000
6636.000
6648.000
6660.000
6672.000
6684.000
6696.000
6708.000
6720.000
6732.000
6744.000
6756.000
6768.000
6780.000
6792.000
6804.000
6816.000
6828.000
6840.000
6852.000
6864.000
6876.000
6888.000
6900.000
6912.000
6924.000
6936.000
6948.000
6960.000
6972.000
6984.000
6996.000
7008.000
7020.000
7032.000
7044.000
7056.000
7068.000
7080.000
7092.000
7104.000
7116.000
7128.000
7140.000
7152.000
7164.000
7176.000
7188.000
7200.000
7212.000
7224.000
7236.000
7248.000
7260.000
7272.000
7284.000
7296.000
7308.000
7320.000
7332.000
7344.000
7356.000
7368.000
7380.000
7392.000
7404.000
7416.000
7428.000
7440.000
7452.000
7464.000
7476.000
7488.000
7500.000
7512.000
7524.000
7536.000
7548.000
7560.000
7572.000
7584.000
7596.000
7608.000
7620.000
7632.000
7644.000
7656.000
7668.000
7680.000
7692.000
7704.000
7716.000
7728.000
7740.000
7752.000
7764.000
7776.000
7788.000
7800.000
7812.000
7824.000
7836.000
7848.000
7860.000
7872.000
7884.000
7896.000
7908.000
7920.000
7932.000
7944.000
7956.000
7968.000
7980.000
7992.000
8004.000
8016.000
8028.000
8040.000
8052.000
8064.000
8076.000
8088.000
8100.000
8112.000
8124.000
8136.000
8148.000
8160.000
8172.000
8184.000
8196.000
8208.000
8220.000
8232.000
8244.000
8256.000
8268.000
8280.000
8292.000
8304.000
8316.000
8328.000
8340.000
8352.000
8364.000
8376.000
8388.000
8400.000
8412.000
8424.000
8436.000
8448.000
8460.000
8472.000
8484.000
8496.000
8508.000
8520.000
8532.000
8544.000
8556.000
8568.000
8580.000
8592.000
8604.000
8616.000
8628.000
8640.000
8652.000
8664.000
8676.000
8688.000
8700.000
8712.000
8724.000
8736.000
8748.000
8760.000
8772.000
8784.000
8796.000
8808.000
8820.000
8832.000
8844.000
8856.000
8868.000
8880.000
8892.000
8904.000
8916.000
8928.000
8940.000
8952.000
8964.000
8976.000
8988.000
9000.000
9012.000
9024.000
9036.000
9048.000
9060.000
9072.000
9084.000
9096.000
9108.000
9120.000
9132.000
9144.000
9156.000
9168.000
9180.000
9192.000
9204.000
9216.000
9228.000
9240.000
9252.000
9264.000
9276.000
9288.000
9300.000
9312.000
9324.000
9336.000
9348.000
9360.000
9372.000
9384.000
9396.000
9408.000
9420.000
9432.000
9444.000
9456.000
9468.000
9480.000
9492.000
9504.000
9516.000
9528.000
9540.000
9552.000
9564.000
9576.000
9588.000
9600.000
9612.000
9624.000
9636.000
9648.000
9660.000
9672.000
9684.000
9696.000
9708.000
9720.000
9732.000
9744.000
9756.000
9768.000
9780.000
9792.000
9804.000
9816.000
9828.000
9840.000
9852.000
9864.000
9876.000
9888.000
9900.000
9912.000
9924.000
9936.000
9948.000
9960.000
9972.000
9984.000
9996.000
10008.000
10020.000
10032.000
10044.000
10056.000
10068.000
10080.000
10092.000
10104.000
10116.000
10128.000
10140.000
10152.000
10164.000
10176.000
10188.000
10200.000
10212.000
10224.000
10236.000
10248.000
10260.000
10272.000
10284.000
10296.000
10308.000
10320.000
10332.000
10344.000
10356.000
10368.000
10380.000
10392.000
10404.000
10416.000
10428.000
10440.000
10452.000
10464.000
10476.000
10488.000
10500.000
10512.000
10524.000
10536.000
10548.000
10560.000
10572.000
10584.000
10596.000
10608.000
10620.000
10632.000
10644.000
10656.000
10668.000
10680.000
10692.000
10704.000
10716.000
10728.000
10740.000
10752.000
10764.000
10776.000
10788.000
10800.000
10812.000
10824.000
10836.000
10848.000
10860.000
10872.000
10884.000
10896.000
10908.000
10920.000
10932.000
10944.000
10956.000
10968.000
10980.000
10992.000
11004.000
11016.000
11028.000
11040.000
11052.000
11064.000
11076.000
11088.000
11100.000
11112.000
11124.000
11136.000
11148.000
11160.000
11172.000
11184.000
11196.000
11208.000
11220.000
11232.000
11244.000
11256.000
11268.000
11280.000
11292.000
11304.000
11316.000
11328.000
11340.000
11352.000
11364.000
11376.000
11388.000
11400.000
11412.000
11424.000
11436.000
11448.000
11460.000
11472.000
11484.000
11496.000
11508.000
11520.000
11532.000
11544.000
11556.000
11568.000
11580.000
11592.000
11604.000
11616.000
11628.000
11640.000
11652.000
11664.000
11676.000
11688.000
11700.000
11712.000
11724.000
11736.000
11748.000
11760.000
11772.000
11784.000
11796.000
11808.000
11820.000
11832.000
11844.000
11856.000
11868.000
11880.000
11892.000
11904.000
11916.000
11928.000
11940.000
11952.000
11964.000
11976.000
11988.000
12000.000
12012.000
12024.000
12036.000
12048.000
12060.000
12072.000
12084.000
12096.000
12108.000
12120.000
12132.000
12144.000
12156.000
12168.000
12180.000
12192.000
12204.000
12216.000
12228.000
12240.000
12252.000
12264.000
12276.000
12288.000
12300.000
12312.000
12324.000
12336.000
12348.000
12360.000
12372.000
12384.000
12396.000
12408.000
12420.000
12432.000
12444.000
12456.000
12468.000
12480.000
12492.000
12504.000
12516.000
12528.000
12540.000
12552.000
12564.000
12576.000
12588.000
12600.000
12612.000
12624.000
12636.000
12648.000
12660.000
12672.000
12684.000
12696.000
12708.000
12720.000
12732.000
12744.000
12756.000
12768.000
12780.000
12792.000
12804.000
12816.000
12828.000
12840.000
12852.000
12864.000
12876.000
12888.000
12900.000
12912.000
12924.000
12936.000
12948.000
12960.000
12972.000
12984.000
12996.000
13008.000
13020.000
13032.000
13044.000
13056.000
13068.000
13080.000
13092.000
13104.000
13116.000
13128.000
13140.000
13152.000
13164.000
13176.000
13188.000
13200.000
13212.000
13224.000
13236.000
13248.000
13260.000
13272.000
13284.000
13296.000
13308.000
13320.000
13332.000
13344.000
13356.000
13368.000
13380.000
13392.000
13404.000
13416.000
13428.000
13440.000
13452.000
13464.000
13476.000
13488.000
13500.000
13512.000
13524.000
13536.000
13548.000
13560.000
13572.000
13584.000
13596.000
13608.000
13620.000
13632.000
13644.000
13656.000
13668.000
13680.000
13692.000
13704.000
13716.000
13728.000
13740.000
13752.000
13764.000
13776.000
13788.000
13800.000
13812.000
13824.000
13836.000
13848.000
13860.000
13872.000
13884.000
13896.000
13908.000
13920.000
13932.000
13944.000
13956.000
13968.000
13980.000
13992.000
14004.000
14016.000
14028.000
14040.000
14052.000
14064.000
14076.000
14088.000
14100.000
14112.000
14124.000
14136.000
14148.000
14160.000
14172.000
14184.000
14196.000
14208.000
14220.000
14232.000
14244.000
14256.000
14268.000
14280.000
14292.000
14304.000
14316.000
14328.000
14340.000
14352.000
14364.000
14376.000
14388.000
14400.000
14412.000
14424.000
14436.000
14448.000
14460.000
14472.000
14484.000
14496.000
14508.000
14520.000
14532.000
14544.000
14556.000
14568.000
14580.000
14592.000
14604.000
14616.000
14628.000
14640.000
14652.000
14664.000
14676.000
14688.000
14700.000
14712.000
14724.000
14736.000
14748.000
14760.000
14772.000
14784.000
14796.000
14808.000
14820.000
14832.000
14844.000
14856.000
14868.000
14880.000
14892.000
14904.000
14916.000
14928.000
14940.000
14952.000
14964.000
14976.000
14988.000
15000.000
15012.000
15024.000
15036.000
15048.000
15060.000
15072.000
15084.000
15096.000
15108.000
15120.000
15132.000
15144.000
15156.000
15168.000
15180.000
15192.000
15204.000
15216.000
15228.000
15240.000
15252.000
15264.000
15276.000
15288.000
15300.000
15312.000
15324.000
15336.000
15348.000
15360.000
15372.000
15384.000
15396.000
15408.000
15420.000
15432.000
15444.000
15456.000
15468.000
15480.000
15492.000
15504.000
15516.000
15528.000
15540.000
15552.000
15564.000
15576.000
15588.000
15600.000
15612.000
15624.000
15636.000
15648.000
15660.000
15672.000
15684.000
15696.000
15708.000
15720.000
15732.000
15744.000
15756.000
15768.000
15780.000
15792.000
15804.000
15816.000
15828.000
15840.000
15852.000
15864.000
15876.000
15888.000
15900.000
15912.000
15924.000
15936.000
15948.000
15960.000
15972.000
15984.000
15996.000
16008.000
16020.000
16032.000
16044.000
16056.000
16068.000
16080.000
16092.000
16104.000
16116.000
16128.000
16140.000
16152.000
16164.000
16176.000
16188.000
16200.000
16212.000
16224.000
16236.000
16248.000
16260.000
16272.000
16284.000
16296.000
16308.000
16320.000
16332.000
16344.000
16356.000
16368.000
16380.000
16392.000
16404.000
16416.000
16428.000
16440.000
16452.000
16464.000
16476.000
16488.000
16500.000
16512.000
16524.000
16536.000
16548.000
16560.000
16572.000
16584.000
16596.000
16608.000
16620.000
16632.000
16644.000
16656.000
16668.000
16680.000
16692.000
16704.000
16716.000
16728.000
16740.000
16752.000
16764.000
16776.000
16788.000
16800.000
16812.000
16824.000
16836.000
16848.000
16860.000
16872.000
16884.000
16896.000
16908.000
16920.000
16932.000
16944.000
16956.000
16968.000
16980.000
16992.000
17004.000
17016.000
17028.000
17040.000
17052.000
17064.000
17076.000
17088.000
17100.000
17112.000
17124.000
17136.000
17148.000
17160.000
17172.000
17184.000
17196.000
17208.000
17220.000
17232.000
17244.000
17256.000
17268.000
17280.000
17292.000
17304.000
17316.000
17328.000
17340.000
17352.000
17364.000
17376.000
17388.000
17400.000
17412.000
17424.000
17436.000
17448.000
17460.000
17472.000
17484.000
17496.000
17508.000
17520.000
17532.000
17544.000
17556.000
17568.000
17580.000
17592.000
17604.000
17616.000
17628.000
17640.000
17652.000
17664.000
17676.000
17688.000
17700.000
17712.000
17724.000
17736.000
17748.000
17760.000
17772.000
17784.000
17796.000
17808.000
17820.000
17832.000
17844.000
17856.000
17868.000
17880.000
17892.000
17904.000
17916.000
17928.000
17940.000
17952.000
17964.000
17976.000
17988.000
18000.000
18012.000
18024.000
18036.000
18048.000
18060.000
18072.000
18084.000
18096.000
18108.000
18120.000
18132.000
18144.000
18156.000
18168.000
18180.000
18192.000
18204.000
18216.000
18228.000
18240.000
18252.000
18264.000
18276.000
18288.000
18300.000
18312.000
18324.000
18336.000
18348.000
18360.000
18372.000
18384.000
18396.000
18408.000
18420.000
18432.000
18444.000
18456.000
18468.000
18480.000
18492.000
18504.000
18516.000
18528.000
18540.000
18552.000
18564.000
18576.000
18588.000
18600.000
18612.000
18624.000
18636.000
18648.000
18660.000
18672.000
18684.000
18696.000
18708.000
18720.000
18732.000
18744.000
18756.000
18768.000
18780.000
18792.000
18804.000
18816.000
18828.000
18840.000
18852.000
18864.000
18876.000
18888.000
18900.000
18912.000
18924.000
18936.000
18948.000
18960.000
18972.000
18984.000
18996.000
19008.000
19020.000
19032.000
19044.000
19056.000
19068.000
19080.000
19092.000
19104.000
19116.000
19128.000
19140.000
19152.000
19164.000
19176.000
19188.000
19200.000
19212.000
19224.000
19236.000
19248.000
19260.000
19272.000
19284.000
19296.000
19308.000
19320.000
19332.000
19344.000
19356.000
19368.000
19380.000
19392.000
19404.000
19416.000
19428.000
19440.000
19452.000
19464.000
19476.000
19488.000
19500.000
19512.000
19524.000
19536.000
19548.000
19560.000
19572.000
19584.000
19596.000
19608.000
19620.000
19632.000
19644.000
19656.000
19668.000
19680.000
19692.000
19704.000
19716.000
19728.000
19740.000
19752.000
19764.000
19776.000
19788.000
19800.000
19812.000
19824.000
19836.000
19848.000
19860.000
19872.000
19884.000
19896.000
19908.000
19920.000
19932.000
19944.000
19956.000
19968.000
19980.000
19992.000
20004.000
20016.000
20028.000
20040.000
20052.000
20064.000
20076.000
20088.000
20100.000
20112.000
20124.000
20136.000
20148.000
20160.000
20172.000
20184.000
20196.000
20208.000
20220.000
20232.000
20244.000
20256.000
20268.000
20280.000
20292.000
20304.000
20316.000
20328.000
20340.000
20352.000
20364.000
20376.000
20388.000
20400.000
20412.000
20424.000
20436.000
20448.000
20460.000
20472.000
20484.000
20496.000
20508.000
20520.000
20532.000
20544.000
20556.000
20568.000
20580.000
20592.000
20604.000
20616.000
20628.000
20640.000
20652.000
20664.000
20676.000
20688.000
20700.000
20712.000
20724.000
20736.000
20748.000
20760.000
20772.000
20784.000
20796.000
20808.000
20820.000
20832.000
20844.000
20856.000
20868.000
20880.000
20892.000
20904.000
20916.000
20928.000
20940.000
20952.000
20964.000
20976.000
20988.000
21000.000
21012.000
21024.000
21036.000
21048.000
21060.000
21072.000
21084.000
21096.000
21108.000
21120.000
21132.000
21144.000
21156.000
21168.000
21180.000
21192.000
21204.000
21216.000
21228.000
21240.000
21252.000
21264.000
21276.000
21288.000
21300.000
21312.000
21324.000
21336.000
21348.000
21360.000
21372.000
21384.000
21396.000
21408.000
21420.000
21432.000
21444.000
21456.000
21468.000
21480.000
21492.000
21504.000
21516.000
21528.000
21540.000
21552.000
21564.000
21576.000
21588.000
21600.000
21612.000
21624.000
21636.000
21648.000
21660.000
21672.000
21684.000
21696.000
21708.000
21720.000
21732.000
21744.000
21756.000
21768.000
21780.000
21792.000
21804.000
21816.000
21828.000
21840.000
21852.000
21864.000
21876.000
21888.000
21900.000
21912.000
21924.000
21936.000
21948.000
21960.000
21972.000
21984.000
21996.000
22008.000
22020.000
22032.000
22044.000
22056.000
22068.000
22080.000
22092.000
22104.000
22116.000
22128.000
22140.000
22152.000
22164.000
22176.000
22188.000
22200.000
22212.000
22224.000
22236.000
22248.000
22260.000
22272.000
22284.000
22296.000
22308.000
22320.000
22332.000
22344.000
22356.000
22368.000
22380.000
22392.000
22404.000
22416.000
22428.000
22440.000
22452.000
22464.000
22476.000
22488.000
22500.000
22512.000
22524.000
22536.000
22548.000
22560.000
22572.000
22584.000
22596.000
22608.000
22620.000
22632.000
22644.000
22656.000
22668.000
22680.000
22692.000
22704.000
22716.000
22728.000
22740.000
22752.000
22764.000
22776.000
22788.000
22800.000
22812.000
22824.000
22836.000
22848.000
22860.000
22872.000
22884.000
22896.000
22908.000
22920.000
22932.000
22944.000
22956.000
22968.000
22980.000
22992.000
23004.000
23016.000
23028.000
23040.000
23052.000
23064.000
23076.000
23088.000
23100.000
23112.000
23124.000
23136.000
23148.000
23160.000
23172.000
23184.000
23196.000
23208.000
23220.000
23232.000
23244.000
23256.000
23268.000
23280.000
23292.000
23304.000
23316.000
23328.000
23340.000
23352.000
23364.000
23376.000
23388.000
23400.000
23412.000
23424.000
23436.000
23448.000
23460.000
23472.000
23484.000
23496.000
23508.000
23520.000
23532.000
23544.000
23556.000
23568.000
23580.000
23592.000
23604.000
23616.000
23628.000
23640.000
23652.000
23664.000
23676.000
23688.000
23700.000
23712.000
23724.000
23736.000
23748.000
23760.000
23772.000
23784.000
23796.000
23808.000
23820.000
23832.000
23844.000
23856.000
23868.000
23880.000
23892.000
23904.000
23916.000
23928.000
23940.000
23952.000
23964.000
23976.000
23988.000
24000.000
24012.000
24024.000
24036.000
24048.000
24060.000
24072.000
24084.000
24096.000
24108.000
24120.000
24132.000
24144.000
24156.000
24168.000
24180.000
24192.000
24204.000
24216.000
24228.000
24240.000
24252.000
24264.000
24276.000
24288.000
24300.000
24312.000
24324.000
24336.000
24348.000
24360.000
24372.000
24384.000
24396.000
24408.000
24420.000
24432.000
24444.000
24456.000
24468.000
24480.000
24492.000
24504.000
24516.000
24528.000
24540.000
24552.000
24564.000
24576.000
24588.000
24600.000
24612.000
24624.000
24636.000
24648.000
24660.000
24672.000
24684.000
24696.000
24708.000
24720.000
24732.000
24744.000
24756.000
24768.000
24780.000
24792.000
24804.000
24816.000
24828.000
24840.000
24852.000
24864.000
24876.000
24888.000
24900.000
24912.000
24924.000
24936.000
24948.000
24960.000
24972.000
24984.000
24996.000
25008.000
25020.000
25032.000
25044.000
25056.000
25068.000
25080.000
25092.000
25104.000
25116.000
25128.000
25140.000
25152.000
25164.000
25176.000
25188.000
25200.000
25212.000
25224.000
25236.000
25248.000
25260.000
25272.000
25284.000
25296.000
25308.000
25320.000
25332.000
25344.000
25356.000
25368.000
25380.000
25392.000
25404.000
25416.000
25428.000
25440.000
25452.000
25464.000
25476.000
25488.000
25500.000
25512.000
25524.000
25536.000
25548.000
25560.000
25572.000
25584.000
25596.000
25608.000
25620.000
25632.000
25644.000
25656.000
25668.000
25680.000
25692.000
25704.000
25716.000
25728.000
25740.000
25752.000
25764.000
25776.000
25788.000
25800.000
25812.000
25824.000
25836.000
25848.000
25860.000
25872.000
25884.000
25896.000
25908.000
25920.000
25932.000
25944.000
25956.000
25968.000
25980.000
25992.000
26004.000
26016.000
26028.000
26040.000
26052.000
26064.000
26076.000
26088.000
26100.000
26112.000
26124.000
26136.000
26148.000
26160.000
26172.000
26184.000
26196.000
26208.000
26220.000
26232.000
26244.000
26256.000
26268.000
26280.000
26292.000
26304.000
26316.000
26328.000
26340.000
26352.000
26364.000
26376.000
26388.000
26400.000
26412.000
26424.000
26436.000
26448.000
26460.000
26472.000
26484.000
26496.000
26508.000
26520.000
26532.000
26544.000
26556.000
26568.000
26580.000
26592.000
26604.000
26616.000
26628.000
26640.000
26652.000
26664.000
26676.000
26688.000
26700.000
26712.000
26724.000
26736.000
26748.000
26760.000
26772.000
26784.000
26796.000
26808.000
26820.000
26832.000
26844.000
26856.000
26868.000
26880.000
26892.000
26904.000
26916.000
26928.000
26940.000
26952.000
26964.000
26976.000
26988.000
27000.000
27012.000
27024.000
27036.000
27048.000
27060.000
27072.000
27084.000
27096.000
27108.000
27120.000
27132.000
27144.000
27156.000
27168.000
27180.000
27192.000
27204.000
27216.000
27228.000
27240.000
27252.000
27264.000
27276.000
27288.000
27300.000
27312.000
27324.000
27336.000
27348.000
27360.000
27372.000
27384.000
27396.000
27408.000
27420.000
27432.000
27444.000
27456.000
27468.000
27480.000
27492.000
27504.000
27516.000
27528.000
27540.000
27552.000
27564.000
27576.000
27588.000
27600.000
27612.000
27624.000
27636.000
27648.000
27660.000
27672.000
27684.000
27696.000
27708.000
27720.000
27732.000
27744.000
27756.000
27768.000
27780.000
27792.000
27804.000
27816.000
27828.000
27840.000
27852.000
27864.000
27876.000
27888.000
27900.000
27912.000
27924.000
27936.000
27948.000
27960.000
27972.000
27984.000
27996.000
28008.000
28020.000
28032.000
28044.000
28056.000
28068.000
28080.000
28092.000
28104.000
28116.000
28128.000
28140.000
28152.000
28164.000
28176.000
28188.000
28200.000
28212.000
28224.000
28236.000
28248.000
28260.000
28272.000
28284.000
28296.000
28308.000
28320.000
28332.000
28344.000
28356.000
28368.000
28380.000
28392.000
28404.000
28416.000
28428.000
28440.000
28452.000
28464.000
28476.000
28488.000
28500.000
28512.000
28524.000
28536.000
28548.000
28560.000
28572.000
28584.000
28596.000
28608.000
28620.000
28632.000
28644.000
28656.000
28668.000
28680.000
28692.000
28704.000
28716.000
28728.000
28740.000
28752.000
28764.000
28776.000
28788.000
28800.000
28812.000
28824.000
28836.000
28848.000
28860.000
28872.000
28884.000
28896.000
28908.000
28920.000
28932.000
28944.000
28956.000
28968.000
28980.000
28992.000
29004.000
29016.000
29028.000
29040.000
29052.000
29064.000
29076.000
29088.000
29100.000
29112.000
29124.000
29136.000
29148.000
29160.000
29172.000
29184.000
29196.000
29208.000
29220.000
29232.000
29244.000
29256.000
29268.000
29280.000
29292.000
29304.000
29316.000
29328.000
29340.000
29352.000
29364.000
29376.000
29388.000
29400.000
29412.000
29424.000
29436.000
29448.000
29460.000
29472.000
29484.000
29496.000
29508.000
29520.000
29532.000
29544.000
29556.000
29568.000
29580.000
29592.000
29604.000
29616.000
29628.000
29640.000
29652.000
29664.000
29676.000
29688.000
29700.000
29712.000
29724.000
29736.000
29748.000
29760.000
29772.000
29784.000
29796.000
29808.000
29820.000
29832.000
29844.000
29856.000
29868.000
29880.000
29892.000
29904.000
29916.000
29928.000
29940.000
29952.000
29964.000
29976.000
29988.000
30000.000
30012.000
30024.000
30036.000
30048.000
30060.000
30072.000
30084.000
30096.000
30108.000
30120.000
30132.000
30144.000
30156.000
30168.000
30180.000
30192.000
30204.000
30216.000
30228.000
30240.000
30252.000
30264.000
30276.000
30288.000
30300.000
30312.000
30324.000
30336.000
30348.000
30360.000
30372.000
30384.000
30396.000
30408.000
30420.000
30432.000
30444.000
30456.000
30468.000
30480.000
30492.000
30504.000
30516.000
30528.000
30540.000
30552.000
30564.000
30576.000
30588.000
30600.000
30612.000
30624.000
30636.000
30648.000
30660.000
30672.000
30684.000
30696.000
30708.000
30720.000
30732.000
30744.000
30756.000
30768.000
30780.000
30792.000
30804.000
30816.000
30828.000
30840.000
30852.000
30864.000
30876.000
30888.000
30900.000
30912.000
30924.000
30936.000
30948.000
30960.000
30972.000
30984.000
30996.000
31008.000
31020.000
31032.000
31044.000
31056.000
31068.000
31080.000
31092.000
31104.000
31116.000
31128.000
31140.000
31152.000
31164.000
31176.000
31188.000
31200.000
31212.000
31224.000
31236.000
31248.000
31260.000
31272.000
31284.000
31296.000
31308.000
31320.000
31332.000
31344.000
31356.000
31368.000
31380.000
31392.000
31404.000
31416.000
31428.000
31440.000
31452.000
31464.000
31476.000
31488.000
31500.000
31512.000
31524.000
31536.000
31548.000
31560.000
31572.000
31584.000
31596.000
31608.000
31620.000
31632.000
31644.000
31656.000
31668.000
31680.000
31692.000
31704.000
31716.000
31728.000
31740.000
31752.000
31764.000
31776.000
31788.000
31800.000
31812.000
31824.000
31836.000
31848.000
31860.000
31872.000
31884.000
31896.000
31908.000
31920.000
31932.000
31944.000
31956.000
31968.000
31980.000
31992.000
32004.000
32016.000
32028.000
32040.000
32052.000
32064.000
32076.000
32088.000
32100.000
32112.000
32124.000
32136.000
32148.000
32160.000
32172.000
32184.000
32196.000
32208.000
32220.000
32232.000
32244.000
32256.000
32268.000
32280.000
32292.000
32304.000
32316.000
32328.000
32340.000
32352.000
32364.000
32376.000
32388.000
32400.000
32412.000
32424.000
32436.000
32448.000
32460.000
32472.000
32484.000
32496.000
32508.000
32520.000
32532.000
32544.000
32556.000
32568.000
32580.000
32592.000
32604.000
32616.000
32628.000
32640.000
32652.000
32664.000
32676.000
32688.000
32700.000
32712.000
32724.000
32736.000
32748.000
32760.000
32772.000
32784.000
32796.000
32808.000
32820.000
32832.000
32844.000
32856.000
32868.000
32880.000
32892.000
32904.000
32916.000
32928.000
32940.000
32952.000
32964.000
32976.000
32988.000
33000.000
33012.000
33024.000
33036.000
33048.000
33060.000
33072.000
33084.000
33096.000
33108.000
33120.000
33132.000
33144.000
33156.000
33168.000
33180.000
33192.000
33204.000
33216.000
33228.000
33240.000
33252.000
33264.000
33276.000
33288.000
33300.000
33312.000
33324.000
33336.000
33348.000
33360.000
33372.000
33384.000
33396.000
33408.000
33420.000
33432.000
33444.000
33456.000
33468.000
33480.000
33492.000
33504.000
33516.000
33528.000
33540.000
33552.000
33564.000
33576.000
33588.000
33600.000
33612.000
33624.000
33636.000
33648.000
33660.000
33672.000
33684.000
33696.000
33708.000
33720.000
33732.000
33744.000
33756.000
33768.000
33780.000
33792.000
33804.000
33816.000
33828.000
33840.000
33852.000
33864.000
33876.000
33888.000
33900.000
33912.000
33924.000
33936.000
33948.000
33960.000
33972.000
33984.000
33996.000
34008.000
34020.000
34032.000
34044.000
34056.000
34068.000
34080.000
34092.000
34104.000
34116.000
34128.000
34140.000
34152.000
34164.000
34176.000
34188.000
34200.000
34212.000
34224.000
34236.000
34248.000
34260.000
34272.000
34284.000
34296.000
34308.000
34320.000
34332.000
34344.000
34356.000
34368.000
34380.000
34392.000
34404.000
34416.000
34428.000
34440.000
34452.000
34464.000
34476.000
34488.000
34500.000
34512.000
34524.000
34536.000
34548.000
34560.000
34572.000
34584.000
34596.000
34608.000
34620.000
34632.000
34644.000
34656.000
34668.000
34680.000
34692.000
34704.000
34716.000
34728.000
34740.000
34752.000
34764.000
34776.000
34788.000
34800.000
34812.000
34824.000
34836.000
34848.000
34860.000
34872.000
34884.000
34896.000
34908.000
34920.000
34932.000
34944.000
34956.000
34968.000
34980.000
34992.000
35004.000
35016.000
35028.000
35040.000
35052.000
35064.000
35076.000
35088.000
35100.000
35112.000
35124.000
35136.000
35148.000
35160.000
35172.000
35184.000
35196.000
35208.000
35220.000
35232.000
35244.000
35256.000
35268.000
35280.000
35292.000
35304.000
35316.000
35328.000
35340.000
35352.000
35364.000
35376.000
35388.000
35400.000
35412.000
35424.000
35436.000
35448.000
35460.000
35472.000
35484.000
35496.000
35508.000
35520.000
35532.000
35544.000
35556.000
35568.000
35580.000
35592.000
35604.000
35616.000
35628.000
35640.000
35652.000
35664.000
35676.000
35688.000
35700.000
35712.000
35724.000
35736.000
35748.000
35760.000
35772.000
35784.000
35796.000
35808.000
35820.000
35832.000
35844.000
35856.000
35868.000
35880.000
35892.000
35904.000
35916.000
35928.000
35940.000
35952.000
35964.000
35976.000
35988.000
36000.000
36012.000
36024.000
36036.000
36048.000
36060.000
36072.000
36084.000
36096.000
36108.000
36120.000
36132.000
36144.000
36156.000
36168.000
36180.000
36192.000
36204.000
36216.000
36228.000
36240.000
36252.000
36264.000
36276.000
36288.000
36300.000
36312.000
36324.000
36336.000
36348.000
36360.000
36372.000
36384.000
36396.000
36408.000
36420.000
36432.000
36444.000
36456.000
36468.000
36480.000
36492.000
36504.000
36516.000
36528.000
36540.000
36552.000
36564.000
36576.000
36588.000
36600.000
36612.000
36624.000
36636.000
36648.000
36660.000
36672.000
36684.000
36696.000
36708.000
36720.000
36732.000
36744.000
36756.000
36768.000
36780.000
36792.000
36804.000
36816.000
36828.000
36840.000
36852.000
36864.000
36876.000
36888.000
36900.000
36912.000
36924.000
36936.000
36948.000
36960.000
36972.000
36984.000
36996.000
37008.000
37020.000
37032.000
37044.000
37056.000
37068.000
37080.000
37092.000
37104.000
37116.000
37128.000
37140.000
37152.000
37164.000
37176.000
37188.000
37200.000
37212.000
37224.000
37236.000
37248.000
37260.000
37272.000
37284.000
37296.000
37308.000
37320.000
37332.000
37344.000
37356.000
37368.000
37380.000
37392.000
37404.000
37416.000
37428.000
37440.000
37452.000
37464.000
37476.000
37488.000
37500.000
37512.000
37524.000
37536.000
37548.000
37560.000
37572.000
37584.000
37596.000
37608.000
37620.000
37632.000
37644.000
37656.000
37668.000
37680.000
37692.000
37704.000
37716.000
37728.000
37740.000
37752.000
37764.000
37776.000
37788.000
37800.000
37812.000
37824.000
37836.000
37848.000
37860.000
37872.000
37884.000
37896.000
37908.000
37920.000
37932.000
37944.000
37956.000
37968.000
37980.000
37992.000
38004.000
38016.000
38028.000
38040.000
38052.000
38064.000
38076.000
38088.000
38100.000
38112.000
38124.000
38136.000
38148.000
38160.000
38172.000
38184.000
38196.000
38208.000
38220.000
38232.000
38244.000
38256.000
38268.000
38280.000
38292.000
38304.000
38316.000
38328.000
38340.000
38352.000
38364.000
38376.000
38388.000
38400.000
38412.000
38424.000
38436.000
38448.000
38460.000
38472.000
38484.000
38496.000
38508.000
38520.000
38532.000
38544.000
38556.000
38568.000
38580.000
38592.000
38604.000
38616.000
38628.000
38640.000
38652.000
38664.000
38676.000
38688.000
38700.000
38712.000
38724.000
38736.000
38748.000
38760.000
38772.000
38784.000
38796.000
38808.000
38820.000
38832.000
38844.000
38856.000
38868.000
38880.000
38892.000
38904.000
38916.000
38928.000
38940.000
38952.000
38964.000
38976.000
38988.000
39000.000
39012.000
39024.000
39036.000
39048.000
39060.000
39072.000
39084.000
39096.000
39108.000
39120.000
39132.000
39144.000
39156.000
39168.000
39180.000
39192.000
39204.000
39216.000
39228.000
39240.000
39252.000
39264.000
39276.000
39288.000
39300.000
39312.000
39324.000
39336.000
39348.000
39360.000
39372.000
39384.000
39396.000
39408.000
39420.000
39432.000
39444.000
39456.000
39468.000
39480.000
39492.000
39504.000
39516.000
39528.000
39540.000
39552.000
39564.000
39576.000
39588.000
39600.000
39612.000
39624.000
39636.000
39648.000
39660.000
39672.000
39684.000
39696.000
39708.000
39720.000
39732.000
39744.000
39756.000
39768.000
39780.000
39792.000
39804.000
39816.000
39828.000
39840.000
39852.000
39864.000
39876.000
39888.000
39900.000
39912.000
39924.000
39936.000
39948.000
39960.000
39972.000
39984.000
39996.000
40008.000
40020.000
40032.000
40044.000
40056.000
40068.000
40080.000
40092.000
40104.000
40116.000
40128.000
40140.000
40152.000
40164.000
40176.000
40188.000
40200.000
40212.000
40224.000
40236.000
40248.000
40260.000
40272.000
40284.000
40296.000
40308.000
40320.000
40332.000
40344.000
40356.000
40368.000
40380.000
40392.000
40404.000
40416.000
40428.000
40440.000
40452.000
40464.000
40476.000
40488.000
40500.000
40512.000
40524.000
40536.000
40548.000
40560.000
40572.000
40584.000
40596.000
40608.000
40620.000
40632.000
40644.000
40656.000
40668.000
40680.000
40692.000
40704.000
40716.000
40728.000
40740.000
40752.000
40764.000
40776.000
40788.000
40800.000
40812.000
40824.000
40836.000
40848.000
40860.000
40872.000
40884.000
40896.000
40908.000
40920.000
40932.000
40944.000
40956.000
40968.000
40980.000
40992.000
41004.000
41016.000
41028.000
41040.000
41052.000
41064.000
41076.000
41088.000
41100.000
41112.000
41124.000
41136.000
41148.000
41160.000
41172.000
41184.000
41196.000
41208.000
41220.000
41232.000
41244.000
41256.000
41268.000
41280.000
41292.000
41304.000
41316.000
41328.000
41340.000
41352.000
41364.000
41376.000
41388.000
41400.000
41412.000
41424.000
41436.000
41448.000
41460.000
41472.000
41484.000
41496.000
41508.000
41520.000
41532.000
41544.000
41556.000
41568.000
41580.000
41592.000
41604.000
41616.000
41628.000
41640.000
41652.000
41664.000
41676.000
41688.000
41700.000
41712.000
41724.000
41736.000
41748.000
41760.000
41772.000
41784.000
41796.000
41808.000
41820.000
41832.000
41844.000
41856.000
41868.000
41880.000
41892.000
41904.000
41916.000
41928.000
41940.000
41952.000
41964.000
41976.000
41988.000
42000.000
42012.000
42024.000
42036.000
42048.000
42060.000
42072.000
42084.000
42096.000
42108.000
42120.000
42132.000
42144.000
42156.000
42168.000
42180.000
42192.000
42204.000
42216.000
42228.000
42240.000
42252.000
42264.000
42276.000
42288.000
42300.000
42312.000
42324.000
42336.000
42348.000
42360.000
42372.000
42384.000
42396.000
42408.000
42420.000
42432.000
42444.000
42456.000
42468.000
42480.000
42492.000
42504.000
42516.000
42528.000
42540.000
42552.000
42564.000
42576.000
42588.000
42600.000
42612.000
42624.000
42636.000
42648.000
42660.000
42672.000
42684.000
42696.000
42708.000
42720.000
42732.000
42744.000
42756.000
42768.000
42780.000
42792.000
42804.000
42816.000
42828.000
42840.000
42852.000
42864.000
42876.000
42888.000
42900.000
42912.000
42924.000
42936.000
42948.000
42960.000
42972.000
42984.000
42996.000
43008.000
43020.000
43032.000
43044.000
43056.000
43068.000
43080.000
43092.000
43104.000
43116.000
43128.000
43140.000
43152.000
43164.000
43176.000
43188.000
43200.000
43212.000
43224.000
43236.000
43248.000
43260.000
43272.000
43284.000
43296.000
43308.000
43320.000
43332.000
43344.000
43356.000
43368.000
43380.000
43392.000
43404.000
43416.000
43428.000
43440.000
43452.000
43464.000
43476.000
43488.000
43500.000
43512.000
43524.000
43536.000
43548.000
43560.000
43572.000
43584.000
43596.000
43608.000
43620.000
43632.000
43644.000
43656.000
43668.000
43680.000
43692.000
43704.000
43716.000
43728.000
43740.000
43752.000
43764.000
43776.000
43788.000
43800.000
43812.000
43824.000
43836.000
43848.000
43860.000
43872.000
43884.000
43896.000
43908.000
43920.000
43932.000
43944.000
43956.000
43968.000
43980.000
43992.000
44004.000
44016.000
44028.000
44040.000
44052.000
44064.000
44076.000
44088.000
44100.000
44112.000
44124.000
44136.000
44148.000
44160.000
44172.000
44184.000
44196.000
44208.000
44220.000
44232.000
44244.000
44256.000
44268.000
44280.000
44292.000
44304.000
44316.000
44328.000
44340.000
44352.000
44364.000
44376.000
44388.000
44400.000
44412.000
44424.000
44436.000
44448.000
44460.000
44472.000
44484.000
44496.000
44508.000
44520.000
44532.000
44544.000
44556.000
44568.000
44580.000
44592.000
44604.000
44616.000
44628.000
44640.000
44652.000
44664.000
44676.000
44688.000
44700.000
44712.000
44724.000
44736.000
44748.000
44760.000
44772.000
44784.000
44796.000
44808.000
44820.000
44832.000
44844.000
44856.000
44868.000
44880.000
44892.000
44904.000
44916.000
44928.000
44940.000
44952.000
44964.000
44976.000
44988.000
45000.000
45012.000
45024.000
45036.000
45048.000
45060.000
45072.000
45084.000
45096.000
45108.000
45120.000
45132.000
45144.000
45156.000
45168.000
45180.000
45192.000
45204.000
45216.000
45228.000
45240.000
45252.000
45264.000
45276.000
45288.000
45300.000
45312.000
45324.000
45336.000
45348.000
45360.000
45372.000
45384.000
45396.000
45408.000
45420.000
45432.000
45444.000
45456.000
45468.000
45480.000
45492.000
45504.000
45516.000
45528.000
45540.000
45552.000
45564.000
45576.000
45588.000
45600.000
45612.000
45624.000
45636.000
45648.000
45660.000
45672.000
45684.000
45696.000
45708.000
45720.000
45732.000
45744.000
45756.000
45768.000
45780.000
45792.000
45804.000
45816.000
45828.000
45840.000
45852.000
45864.000
45876.000
45888.000
45900.000
45912.000
45924.000
45936.000
45948.000
45960.000
45972.000
45984.000
45996.000
46008.000
46020.000
46032.000
46044.000
46056.000
46068.000
46080.000
46092.000
46104.000
46116.000
46128.000
46140.000
46152.000
46164.000
46176.000
46188.000
46200.000
46212.000
46224.000
46236.000
46248.000
46260.000
46272.000
46284.000
46296.000
46308.000
46320.000
46332.000
46344.000
46356.000
46368.000
46380.000
46392.000
46404.000
46416.000
46428.000
46440.000
46452.000
46464.000
46476.000
46488.000
46500.000
46512.000
46524.000
46536.000
46548.000
46560.000
46572.000
46584.000
46596.000
46608.000
46620.000
46632.000
46644.000
46656.000
46668.000
46680.000
46692.000
46704.000
46716.000
46728.000
46740.000
46752.000
46764.000
46776.000
46788.000
46800.000
46812.000
46824.000
46836.000
46848.000
46860.000
46872.000
46884.000
46896.000
46908.000
46920.000
46932.000
46944.000
46956.000
46968.000
46980.000
46992.000
47004.000
47016.000
47028.000
47040.000
47052.000
47064.000
47076.000
47088.000
47100.000
47112.000
47124.000
47136.000
47148.000
47160.000
47172.000
47184.000
47196.000
47208.000
47220.000
47232.000
47244.000
47256.000
47268.000
47280.000
47292.000
47304.000
47316.000
47328.000
47340.000
47352.000
47364.000
47376.000
47388.000
47400.000
47412.000
47424.000
47436.000
47448.000
47460.000
47472.000
47484.000
47496.000
47508.000
47520.000
47532.000
47544.000
47556.000
47568.000
47580.000
47592.000
47604.000
47616.000
47628.000
47640.000
47652.000
47664.000
47676.000
47688.000
47700.000
47712.000
47724.000
47736.000
47748.000
47760.000
47772.000
47784.000
47796.000
47808.000
47820.000
47832.000
47844.000
47856.000
47868.000
47880.000
47892.000
47904.000
47916.000
47928.000
47940.000
47952.000
47964.000
47976.000
47988.000
48000.000
48012.000
48024.000
48036.000
48048.000
48060.000
48072.000
48084.000
48096.000
48108.000
48120.000
48132.000
48144.000
48156.000
48168.000
48180.000
48192.000
48204.000
48216.000
48228.000
48240.000
48252.000
48264.000
48276.000
48288.000
48300.000
48312.000
48324.000
48336.000
48348.000
48360.000
48372.000
48384.000
48396.000
48408.000
48420.000
48432.000
48444.000
48456.000
48468.000
48480.000
48492.000
48504.000
48516.000
48528.000
48540.000
48552.000
48564.000
48576.000
48588.000
48600.000
48612.000
48624.000
48636.000
48648.000
48660.000
48672.000
48684.000
48696.000
48708.000
48720.000
48732.000
48744.000
48756.000
48768.000
48780.000
48792.000
48804.000
48816.000
48828.000
48840.000
48852.000
48864.000
48876.000
48888.000
48900.000
48912.000
48924.000
48936.000
48948.000
48960.000
48972.000
48984.000
48996.000
49008.000
49020.000
49032.000
49044.000
49056.000
49068.000
49080.000
49092.000
49104.000
49116.000
49128.000
49140.000
49152.000
49164.000
49176.000
49188.000
49200.000
49212.000
49224.000
49236.000
49248.000
49260.000
49272.000
49284.000
49296.000
49308.000
49320.000
49332.000
49344.000
49356.000
49368.000
49380.000
49392.000
49404.000
49416.000
49428.000
49440.000
49452.000
49464.000
49476.000
49488.000
49500.000
49512.000
49524.000
49536.000
49548.000
49560.000
49572.000
49584.000
49596.000
49608.000
49620.000
49632.000
49644.000
49656.000
49668.000
49680.000
49692.000
49704.000
49716.000
49728.000
49740.000
49752.000
49764.000
49776.000
49788.000
49800.000
49812.000
49824.000
49836.000
49848.000
49860.000
49872.000
49884.000
49896.000
49908.000
49920.000
49932.000
49944.000
49956.000
49968.000
49980.000
49992.000
50004.000
50016.000
50028.000
50040.000
50052.000
50064.000
50076.000
50088.000
50100.000
50112.000
50124.000
50136.000
50148.000
50160.000
50172.000
50184.000
50196.000
50208.000
50220.000
50232.000
50244.000
50256.000
50268.000
50280.000
50292.000
50304.000
50316.000
50328.000
50340.000
50352.000
50364.000
50376.000
50388.000
50400.000
50412.000
50424.000
50436.000
50448.000
50460.000
50472.000
50484.000
50496.000
50508.000
50520.000
50532.000
50544.000
50556.000
50568.000
50580.000
50592.000
50604.000
50616.000
50628.000
50640.000
50652.000
50664.000
50676.000
50688.000
50700.000
50712.000
50724.000
50736.000
50748.000
50760.000
50772.000
50784.000
50796.000
50808.000
50820.000
50832.000
50844.000
50856.000
50868.000
50880.000
50892.000
50904.000
50916.000
50928.000
50940.000
50952.000
50964.000
50976.000
50988.000
51000.000
51012.000
51024.000
51036.000
51048.000
51060.000
51072.000
51084.000
51096.000
51108.000
51120.000
51132.000
51144.000
51156.000
51168.000
51180.000
51192.000
51204.000
51216.000
51228.000
51240.000
51252.000
51264.000
51276.000
51288.000
51300.000
51312.000
51324.000
51336.000
51348.000
51360.000
51372.000
51384.000
51396.000
51408.000
51420.000
51432.000
51444.000
51456.000
51468.000
51480.000
51492.000
51504.000
51516.000
51528.000
51540.000
51552.000
51564.000
51576.000
51588.000
51600.000
51612.000
51624.000
51636.000
51648.000
51660.000
51672.000
51684.000
51696.000
51708.000
51720.000
51732.000
51744.000
51756.000
51768.000
51780.000
51792.000
51804.000
51816.000
51828.000
51840.000
51852.000
51864.000
51876.000
51888.000
51900.000
51912.000
51924.000
51936.000
51948.000
51960.000
51972.000
51984.000
51996.000
52008.000
52020.000
52032.000
52044.000
52056.000
52068.000
52080.000
52092.000
52104.000
52116.000
52128.000
52140.000
52152.000
52164.000
52176.000
52188.000
52200.000
52212.000
52224.000
52236.000
52248.000
52260.000
52272.000
52284.000
52296.000
52308.000
52320.000
52332.000
52344.000
52356.000
52368.000
52380.000
52392.000
52404.000
52416.000
52428.000
52440.000
52452.000
52464.000
52476.000
52488.000
52500.000
52512.000
52524.000
52536.000
52548.000
52560.000
52572.000
52584.000
52596.000
52608.000
52620.000
52632.000
52644.000
52656.000
52668.000
52680.000
52692.000
52704.000
52716.000
52728.000
52740.000
52752.000
52764.000
52776.000
52788.000
52800.000
52812.000
52824.000
52836.000
52848.000
52860.000
52872.000
52884.000
52896.000
52908.000
52920.000
52932.000
52944.000
52956.000
52968.000
52980.000
52992.000
53004.000
53016.000
53028.000
53040.000
53052.000
53064.000
53076.000
53088.000
53100.000
53112.000
53124.000
53136.000
53148.000
53160.000
53172.000
53184.000
53196.000
53208.000
53220.000
53232.000
53244.000
53256.000
53268.000
53280.000
53292.000
53304.000
53316.000
53328.000
53340.000
53352.000
53364.000
53376.000
53388.000
53400.000
53412.000
53424.000
53436.000
53448.000
53460.000
53472.000
53484.000
53496.000
53508.000
53520.000
53532.000
53544.000
53556.000
53568.000
53580.000
53592.000
53604.000
53616.000
53628.000
53640.000
53652.000
53664.000
53676.000
53688.000
53700.000
53712.000
53724.000
53736.000
53748.000
53760.000
53772.000
53784.000
53796.000
53808.000
53820.000
53832.000
53844.000
53856.000
53868.000
53880.000
53892.000
53904.000
53916.000
53928.000
53940.000
53952.000
53964.000
53976.000
53988.000
54000.000
54012.000
54024.000
54036.000
54048.000
54060.000
54072.000
54084.000
54096.000
54108.000
54120.000
54132.000
54144.000
54156.000
54168.000
54180.000
54192.000
54204.000
54216.000
54228.000
54240.000
54252.000
54264.000
54276.000
54288.000
54300.000
54312.000
54324.000
54336.000
54348.000
54360.000
54372.000
54384.000
54396.000
54408.000
54420.000
54432.000
54444.000
54456.000
54468.000
54480.000
54492.000
54504.000
54516.000
54528.000
54540.000
54552.000
54564.000
54576.000
54588.000
54600.000
54612.000
54624.000
54636.000
54648.000
54660.000
54672.000
54684.000
54696.000
54708.000
54720.000
54732.000
54744.000
54756.000
54768.000
54780.000
54792.000
54804.000
54816.000
54828.000
54840.000
54852.000
54864.000
54876.000
54888.000
54900.000
54912.000
54924.000
54936.000
54948.000
54960.000
54972.000
54984.000
54996.000
55008.000
55020.000
55032.000
55044.000
55056.000
55068.000
55080.000
55092.000
55104.000
55116.000
55128.000
55140.000
55152.000
55164.000
55176.000
55188.000
55200.000
55212.000
55224.000
55236.000
55248.000
55260.000
55272.000
55284.000
55296.000
55308.000
55320.000
55332.000
55344.000
55356.000
55368.000
55380.000
55392.000
55404.000
55416.000
55428.000
55440.000
55452.000
55464.000
55476.000
55488.000
55500.000
55512.000
55524.000
55536.000
55548.000
55560.000
55572.000
55584.000
55596.000
55608.000
55620.000
55632.000
55644.000
55656.000
55668.000
55680.000
55692.000
55704.000
55716.000
55728.000
55740.000
55752.000
55764.000
55776.000
55788.000
55800.000
55812.000
55824.000
55836.000
55848.000
55860.000
55872.000
55884.000
55896.000
55908.000
55920.000
55932.000
55944.000
55956.000
55968.000
55980.000
55992.000
56004.000
56016.000
56028.000
56040.000
56052.000
56064.000
56076.000
56088.000
56100.000
56112.000
56124.000
56136.000
56148.000
56160.000
56172.000
56184.000
56196.000
56208.000
56220.000
56232.000
56244.000
56256.000
56268.000
56280.000
56292.000
56304.000
56316.000
56328.000
56340.000
56352.000
56364.000
56376.000
56388.000
56400.000
56412.000
56424.000
56436.000
56448.000
56460.000
56472.000
56484.000
56496.000
56508.000
56520.000
56532.000
56544.000
56556.000
56568.000
56580.000
56592.000
56604.000
56616.000
56628.000
56640.000
56652.000
56664.000
56676.000
56688.000
56700.000
56712.000
56724.000
56736.000
56748.000
56760.000
56772.000
56784.000
56796.000
56808.000
56820.000
56832.000
56844.000
56856.000
56868.000
56880.000
56892.000
56904.000
56916.000
56928.000
56940.000
56952.000
56964.000
56976.000
56988.000
57000.000
57012.000
57024.000
57036.000
57048.000
57060.000
57072.000
57084.000
57096.000
57108.000
57120.000
57132.000
57144.000
57156.000
57168.000
57180.000
57192.000
57204.000
57216.000
57228.000
57240.000
57252.000
57264.000
57276.000
57288.000
57300.000
57312.000
57324.000
57336.000
57348.000
57360.000
57372.000
57384.000
57396.000
57408.000
57420.000
57432.000
57444.000
57456.000
57468.000
57480.000
57492.000
57504.000
57516.000
57528.000
57540.000
57552.000
57564.000
57576.000
57588.000
57600.000
57612.000
57624.000
57636.000
57648.000
57660.000
57672.000
57684.000
57696.000
57708.000
57720.000
57732.000
57744.000
57756.000
57768.000
57780.000
57792.000
57804.000
57816.000
57828.000
57840.000
57852.000
57864.000
57876.000
57888.000
57900.000
57912.000
57924.000
57936.000
57948.000
57960.000
57972.000
57984.000
57996.000
58008.000
58020.000
58032.000
58044.000
58056.000
58068.000
58080.000
58092.000
58104.000
58116.000
58128.000
58140.000
58152.000
58164.000
58176.000
58188.000
58200.000
58212.000
58224.000
58236.000
58248.000
58260.000
58272.000
58284.000
58296.000
58308.000
58320.000
58332.000
58344.000
58356.000
58368.000
58380.000
58392.000
58404.000
58416.000
58428.000
58440.000
58452.000
58464.000
58476.000
58488.000
58500.000
58512.000
58524.000
58536.000
58548.000
58560.000
58572.000
58584.000
58596.000
58608.000
58620.000
58632.000
58644.000
58656.000
58668.000
58680.000
58692.000
58704.000
58716.000
58728.000
58740.000
58752.000
58764.000
58776.000
58788.000
58800.000
58812.000
58824.000
58836.000
58848.000
58860.000
58872.000
58884.000
58896.000
58908.000
58920.000
58932.000
58944.000
58956.000
58968.000
58980.000
58992.000
59004.000
59016.000
59028.000
59040.000
59052.000
59064.000
59076.000
59088.000
59100.000
59112.000
59124.000
59136.000
59148.000
59160.000
59172.000
59184.000
59196.000
59208.000
59220.000
59232.000
59244.000
59256.000
59268.000
59280.000
59292.000
59304.000
59316.000
59328.000
59340.000
59352.000
59364.000
59376.000
59388.000
59400.000
59412.000
59424.000
59436.000
59448.000
59460.000
59472.000
59484.000
59496.000
59508.000
59520.000
59532.000
59544.000
59556.000
59568.000
59580.000
59592.000
59604.000
59616.000
59628.000
59640.000
59652.000
59664.000
59676.000
59688.000
59700.000
59712.000
59724.000
59736.000
59748.000
59760.000
59772.000
59784.000
59796.000
59808.000
59820.000
59832.000
59844.000
59856.000
59868.000
59880.000
59892.000
59904.000
59916.000
59928.000
59940.000
59952.000
59964.000
59976.000
59988.000
